[DEBUG][20-10-02][org.apache.ibatis.logging.LogFactory]Logging initialized using 'class org.apache.ibatis.logging.log4j.Log4jImpl' adapter.
[DEBUG][20-10-02][org.apache.ibatis.logging.LogFactory]Logging initialized using 'class org.apache.ibatis.logging.log4j.Log4jImpl' adapter.
[DEBUG][20-10-02][org.apache.ibatis.datasource.pooled.PooledDataSource]PooledDataSource forcefully closed/removed all connections.
[DEBUG][20-10-02][org.apache.ibatis.datasource.pooled.PooledDataSource]PooledDataSource forcefully closed/removed all connections.
[DEBUG][20-10-02][org.apache.ibatis.datasource.pooled.PooledDataSource]PooledDataSource forcefully closed/removed all connections.
[DEBUG][20-10-02][org.apache.ibatis.datasource.pooled.PooledDataSource]PooledDataSource forcefully closed/removed all connections.
[DEBUG][20-10-02][org.apache.ibatis.transaction.jdbc.JdbcTransaction]Opening JDBC Connection
[DEBUG][20-10-02][org.apache.ibatis.datasource.pooled.PooledDataSource]Created connection 482307698.
[DEBUG][20-10-02][org.apache.ibatis.transaction.jdbc.JdbcTransaction]Setting autocommit to false on JDBC Connection [com.mysql.cj.jdbc.ConnectionImpl@1cbf6e72]
[DEBUG][20-10-02][com.liwenli.dao.UserMapper.getUserList]==>  Preparing: select * from user
[DEBUG][20-10-02][com.liwenli.dao.UserMapper.getUserList]==> Parameters: 
[DEBUG][20-10-02][com.liwenli.dao.UserMapper.getUserList]<==      Total: 3
[DEBUG][20-10-02][org.apache.ibatis.transaction.jdbc.JdbcTransaction]Resetting autocommit to true on JDBC Connection [com.mysql.cj.jdbc.ConnectionImpl@1cbf6e72]
[DEBUG][20-10-02][org.apache.ibatis.transaction.jdbc.JdbcTransaction]Closing JDBC Connection [com.mysql.cj.jdbc.ConnectionImpl@1cbf6e72]
[DEBUG][20-10-02][org.apache.ibatis.datasource.pooled.PooledDataSource]Returned connection 482307698 to pool.
[DEBUG][20-10-02][org.apache.ibatis.logging.LogFactory]Logging initialized using 'class org.apache.ibatis.logging.log4j.Log4jImpl' adapter.
[DEBUG][20-10-02][org.apache.ibatis.logging.LogFactory]Logging initialized using 'class org.apache.ibatis.logging.log4j.Log4jImpl' adapter.
[DEBUG][20-10-02][org.apache.ibatis.datasource.pooled.PooledDataSource]PooledDataSource forcefully closed/removed all connections.
[DEBUG][20-10-02][org.apache.ibatis.datasource.pooled.PooledDataSource]PooledDataSource forcefully closed/removed all connections.
[DEBUG][20-10-02][org.apache.ibatis.datasource.pooled.PooledDataSource]PooledDataSource forcefully closed/removed all connections.
[DEBUG][20-10-02][org.apache.ibatis.datasource.pooled.PooledDataSource]PooledDataSource forcefully closed/removed all connections.
[DEBUG][20-10-02][org.apache.ibatis.transaction.jdbc.JdbcTransaction]Opening JDBC Connection
[DEBUG][20-10-02][org.apache.ibatis.datasource.pooled.PooledDataSource]Created connection 1250499735.
[DEBUG][20-10-02][org.apache.ibatis.transaction.jdbc.JdbcTransaction]Setting autocommit to false on JDBC Connection [com.mysql.cj.jdbc.ConnectionImpl@4a891c97]
[DEBUG][20-10-02][com.liwenli.dao.UserMapper.selectUserById]==>  Preparing: select * from user where id = ?
[DEBUG][20-10-02][com.liwenli.dao.UserMapper.selectUserById]==> Parameters: 1(Integer)
[DEBUG][20-10-02][com.liwenli.dao.UserMapper.selectUserById]<==      Total: 1
[DEBUG][20-10-02][org.apache.ibatis.transaction.jdbc.JdbcTransaction]Resetting autocommit to true on JDBC Connection [com.mysql.cj.jdbc.ConnectionImpl@4a891c97]
[DEBUG][20-10-02][org.apache.ibatis.transaction.jdbc.JdbcTransaction]Closing JDBC Connection [com.mysql.cj.jdbc.ConnectionImpl@4a891c97]
[DEBUG][20-10-02][org.apache.ibatis.datasource.pooled.PooledDataSource]Returned connection 1250499735 to pool.
[DEBUG][20-10-02][org.apache.ibatis.logging.LogFactory]Logging initialized using 'class org.apache.ibatis.logging.log4j.Log4jImpl' adapter.
[DEBUG][20-10-02][org.apache.ibatis.logging.LogFactory]Logging initialized using 'class org.apache.ibatis.logging.log4j.Log4jImpl' adapter.
[DEBUG][20-10-02][org.apache.ibatis.datasource.pooled.PooledDataSource]PooledDataSource forcefully closed/removed all connections.
[DEBUG][20-10-02][org.apache.ibatis.datasource.pooled.PooledDataSource]PooledDataSource forcefully closed/removed all connections.
[DEBUG][20-10-02][org.apache.ibatis.datasource.pooled.PooledDataSource]PooledDataSource forcefully closed/removed all connections.
[DEBUG][20-10-02][org.apache.ibatis.datasource.pooled.PooledDataSource]PooledDataSource forcefully closed/removed all connections.
[DEBUG][20-10-02][org.apache.ibatis.transaction.jdbc.JdbcTransaction]Opening JDBC Connection
[DEBUG][20-10-02][org.apache.ibatis.datasource.pooled.PooledDataSource]Created connection 565881091.
[DEBUG][20-10-02][org.apache.ibatis.transaction.jdbc.JdbcTransaction]Setting autocommit to false on JDBC Connection [com.mysql.cj.jdbc.ConnectionImpl@21baa903]
[DEBUG][20-10-02][com.liwenli.dao.UserMapper.addUser]==>  Preparing: insert into user (id,name,pwd) values (?,?,?)
[DEBUG][20-10-02][com.liwenli.dao.UserMapper.addUser]==> Parameters: 5(Integer), 王五(String), wangwu(String)
[DEBUG][20-10-02][com.liwenli.dao.UserMapper.addUser]<==    Updates: 1
[DEBUG][20-10-02][org.apache.ibatis.transaction.jdbc.JdbcTransaction]Rolling back JDBC Connection [com.mysql.cj.jdbc.ConnectionImpl@21baa903]
[DEBUG][20-10-02][org.apache.ibatis.transaction.jdbc.JdbcTransaction]Resetting autocommit to true on JDBC Connection [com.mysql.cj.jdbc.ConnectionImpl@21baa903]
[DEBUG][20-10-02][org.apache.ibatis.transaction.jdbc.JdbcTransaction]Closing JDBC Connection [com.mysql.cj.jdbc.ConnectionImpl@21baa903]
[DEBUG][20-10-02][org.apache.ibatis.datasource.pooled.PooledDataSource]Returned connection 565881091 to pool.
[DEBUG][20-10-02][org.apache.ibatis.logging.LogFactory]Logging initialized using 'class org.apache.ibatis.logging.log4j.Log4jImpl' adapter.
[DEBUG][20-10-02][org.apache.ibatis.logging.LogFactory]Logging initialized using 'class org.apache.ibatis.logging.log4j.Log4jImpl' adapter.
[DEBUG][20-10-02][org.apache.ibatis.datasource.pooled.PooledDataSource]PooledDataSource forcefully closed/removed all connections.
[DEBUG][20-10-02][org.apache.ibatis.datasource.pooled.PooledDataSource]PooledDataSource forcefully closed/removed all connections.
[DEBUG][20-10-02][org.apache.ibatis.datasource.pooled.PooledDataSource]PooledDataSource forcefully closed/removed all connections.
[DEBUG][20-10-02][org.apache.ibatis.datasource.pooled.PooledDataSource]PooledDataSource forcefully closed/removed all connections.
[DEBUG][20-10-02][org.apache.ibatis.transaction.jdbc.JdbcTransaction]Opening JDBC Connection
[DEBUG][20-10-02][org.apache.ibatis.datasource.pooled.PooledDataSource]Created connection 565881091.
[DEBUG][20-10-02][org.apache.ibatis.transaction.jdbc.JdbcTransaction]Setting autocommit to false on JDBC Connection [com.mysql.cj.jdbc.ConnectionImpl@21baa903]
[DEBUG][20-10-02][com.liwenli.dao.UserMapper.addUser]==>  Preparing: insert into user (id,name,pwd) values (?,?,?)
[DEBUG][20-10-02][com.liwenli.dao.UserMapper.addUser]==> Parameters: 4(Integer), 王五(String), wangwu(String)
[DEBUG][20-10-02][com.liwenli.dao.UserMapper.addUser]<==    Updates: 1
[DEBUG][20-10-02][org.apache.ibatis.transaction.jdbc.JdbcTransaction]Committing JDBC Connection [com.mysql.cj.jdbc.ConnectionImpl@21baa903]
[DEBUG][20-10-02][org.apache.ibatis.transaction.jdbc.JdbcTransaction]Resetting autocommit to true on JDBC Connection [com.mysql.cj.jdbc.ConnectionImpl@21baa903]
[DEBUG][20-10-02][org.apache.ibatis.transaction.jdbc.JdbcTransaction]Closing JDBC Connection [com.mysql.cj.jdbc.ConnectionImpl@21baa903]
[DEBUG][20-10-02][org.apache.ibatis.datasource.pooled.PooledDataSource]Returned connection 565881091 to pool.
[DEBUG][20-10-02][org.apache.ibatis.logging.LogFactory]Logging initialized using 'class org.apache.ibatis.logging.log4j.Log4jImpl' adapter.
[DEBUG][20-10-02][org.apache.ibatis.logging.LogFactory]Logging initialized using 'class org.apache.ibatis.logging.log4j.Log4jImpl' adapter.
[DEBUG][20-10-02][org.apache.ibatis.datasource.pooled.PooledDataSource]PooledDataSource forcefully closed/removed all connections.
[DEBUG][20-10-02][org.apache.ibatis.datasource.pooled.PooledDataSource]PooledDataSource forcefully closed/removed all connections.
[DEBUG][20-10-02][org.apache.ibatis.datasource.pooled.PooledDataSource]PooledDataSource forcefully closed/removed all connections.
[DEBUG][20-10-02][org.apache.ibatis.datasource.pooled.PooledDataSource]PooledDataSource forcefully closed/removed all connections.
[DEBUG][20-10-02][org.apache.ibatis.logging.LogFactory]Logging initialized using 'class org.apache.ibatis.logging.log4j.Log4jImpl' adapter.
[DEBUG][20-10-02][org.apache.ibatis.logging.LogFactory]Logging initialized using 'class org.apache.ibatis.logging.log4j.Log4jImpl' adapter.
[DEBUG][20-10-02][org.apache.ibatis.datasource.pooled.PooledDataSource]PooledDataSource forcefully closed/removed all connections.
[DEBUG][20-10-02][org.apache.ibatis.datasource.pooled.PooledDataSource]PooledDataSource forcefully closed/removed all connections.
[DEBUG][20-10-02][org.apache.ibatis.datasource.pooled.PooledDataSource]PooledDataSource forcefully closed/removed all connections.
[DEBUG][20-10-02][org.apache.ibatis.datasource.pooled.PooledDataSource]PooledDataSource forcefully closed/removed all connections.
[DEBUG][20-10-02][org.apache.ibatis.logging.LogFactory]Logging initialized using 'class org.apache.ibatis.logging.log4j.Log4jImpl' adapter.
[DEBUG][20-10-02][org.apache.ibatis.logging.LogFactory]Logging initialized using 'class org.apache.ibatis.logging.log4j.Log4jImpl' adapter.
[DEBUG][20-10-02][org.apache.ibatis.datasource.pooled.PooledDataSource]PooledDataSource forcefully closed/removed all connections.
[DEBUG][20-10-02][org.apache.ibatis.datasource.pooled.PooledDataSource]PooledDataSource forcefully closed/removed all connections.
[DEBUG][20-10-02][org.apache.ibatis.datasource.pooled.PooledDataSource]PooledDataSource forcefully closed/removed all connections.
[DEBUG][20-10-02][org.apache.ibatis.datasource.pooled.PooledDataSource]PooledDataSource forcefully closed/removed all connections.
[DEBUG][20-10-02][org.apache.ibatis.transaction.jdbc.JdbcTransaction]Opening JDBC Connection
[DEBUG][20-10-02][org.apache.ibatis.datasource.pooled.PooledDataSource]Created connection 1618984457.
[DEBUG][20-10-02][org.apache.ibatis.transaction.jdbc.JdbcTransaction]Setting autocommit to false on JDBC Connection [com.mysql.cj.jdbc.ConnectionImpl@607fbe09]
[DEBUG][20-10-02][com.liwenli.dao.UserMapper.addUser]==>  Preparing: insert into user (id,name,pwd) values (?,?,?)
[DEBUG][20-10-02][com.liwenli.dao.UserMapper.addUser]==> Parameters: 5(Integer), wangshuwei(String), wangshuwei(String)
[DEBUG][20-10-02][com.liwenli.dao.UserMapper.addUser]<==    Updates: 1
[DEBUG][20-10-02][org.apache.ibatis.transaction.jdbc.JdbcTransaction]Committing JDBC Connection [com.mysql.cj.jdbc.ConnectionImpl@607fbe09]
[DEBUG][20-10-02][org.apache.ibatis.transaction.jdbc.JdbcTransaction]Resetting autocommit to true on JDBC Connection [com.mysql.cj.jdbc.ConnectionImpl@607fbe09]
[DEBUG][20-10-02][org.apache.ibatis.transaction.jdbc.JdbcTransaction]Closing JDBC Connection [com.mysql.cj.jdbc.ConnectionImpl@607fbe09]
[DEBUG][20-10-02][org.apache.ibatis.datasource.pooled.PooledDataSource]Returned connection 1618984457 to pool.
[DEBUG][20-10-02][org.apache.ibatis.logging.LogFactory]Logging initialized using 'class org.apache.ibatis.logging.log4j.Log4jImpl' adapter.
[DEBUG][20-10-02][org.apache.ibatis.logging.LogFactory]Logging initialized using 'class org.apache.ibatis.logging.log4j.Log4jImpl' adapter.
[DEBUG][20-10-02][org.apache.ibatis.datasource.pooled.PooledDataSource]PooledDataSource forcefully closed/removed all connections.
[DEBUG][20-10-02][org.apache.ibatis.datasource.pooled.PooledDataSource]PooledDataSource forcefully closed/removed all connections.
[DEBUG][20-10-02][org.apache.ibatis.datasource.pooled.PooledDataSource]PooledDataSource forcefully closed/removed all connections.
[DEBUG][20-10-02][org.apache.ibatis.datasource.pooled.PooledDataSource]PooledDataSource forcefully closed/removed all connections.
[DEBUG][20-10-02][org.apache.ibatis.transaction.jdbc.JdbcTransaction]Opening JDBC Connection
[DEBUG][20-10-02][org.apache.ibatis.datasource.pooled.PooledDataSource]Created connection 1966670937.
[DEBUG][20-10-02][org.apache.ibatis.transaction.jdbc.JdbcTransaction]Setting autocommit to false on JDBC Connection [com.mysql.cj.jdbc.ConnectionImpl@75390459]
[DEBUG][20-10-02][com.liwenli.dao.UserMapper.selectUserById]==>  Preparing: select * from user where id = ?
[DEBUG][20-10-02][com.liwenli.dao.UserMapper.selectUserById]==> Parameters: 5(Integer)
[DEBUG][20-10-02][com.liwenli.dao.UserMapper.selectUserById]<==      Total: 1
[DEBUG][20-10-02][com.liwenli.dao.UserMapper.updateUser]==>  Preparing: update user set name=?,pwd=? where id = ?
[DEBUG][20-10-02][com.liwenli.dao.UserMapper.updateUser]==> Parameters: 王淑玮(String), wangshuwei(String), 5(Integer)
[DEBUG][20-10-02][com.liwenli.dao.UserMapper.updateUser]<==    Updates: 1
[DEBUG][20-10-02][org.apache.ibatis.transaction.jdbc.JdbcTransaction]Committing JDBC Connection [com.mysql.cj.jdbc.ConnectionImpl@75390459]
[DEBUG][20-10-02][org.apache.ibatis.transaction.jdbc.JdbcTransaction]Resetting autocommit to true on JDBC Connection [com.mysql.cj.jdbc.ConnectionImpl@75390459]
[DEBUG][20-10-02][org.apache.ibatis.transaction.jdbc.JdbcTransaction]Closing JDBC Connection [com.mysql.cj.jdbc.ConnectionImpl@75390459]
[DEBUG][20-10-02][org.apache.ibatis.datasource.pooled.PooledDataSource]Returned connection 1966670937 to pool.
[DEBUG][20-10-02][org.apache.ibatis.logging.LogFactory]Logging initialized using 'class org.apache.ibatis.logging.log4j.Log4jImpl' adapter.
[DEBUG][20-10-02][org.apache.ibatis.logging.LogFactory]Logging initialized using 'class org.apache.ibatis.logging.log4j.Log4jImpl' adapter.
[DEBUG][20-10-02][org.apache.ibatis.datasource.pooled.PooledDataSource]PooledDataSource forcefully closed/removed all connections.
[DEBUG][20-10-02][org.apache.ibatis.datasource.pooled.PooledDataSource]PooledDataSource forcefully closed/removed all connections.
[DEBUG][20-10-02][org.apache.ibatis.datasource.pooled.PooledDataSource]PooledDataSource forcefully closed/removed all connections.
[DEBUG][20-10-02][org.apache.ibatis.datasource.pooled.PooledDataSource]PooledDataSource forcefully closed/removed all connections.
[DEBUG][20-10-02][org.apache.ibatis.transaction.jdbc.JdbcTransaction]Opening JDBC Connection
[DEBUG][20-10-02][org.apache.ibatis.datasource.pooled.PooledDataSource]Created connection 1621254922.
[DEBUG][20-10-02][org.apache.ibatis.transaction.jdbc.JdbcTransaction]Setting autocommit to false on JDBC Connection [com.mysql.cj.jdbc.ConnectionImpl@60a2630a]
[DEBUG][20-10-02][com.liwenli.dao.UserMapper.deleteUser]==>  Preparing: delete from user where id = ?
[DEBUG][20-10-02][com.liwenli.dao.UserMapper.deleteUser]==> Parameters: 5(Integer)
[DEBUG][20-10-02][com.liwenli.dao.UserMapper.deleteUser]<==    Updates: 1
[DEBUG][20-10-02][org.apache.ibatis.transaction.jdbc.JdbcTransaction]Rolling back JDBC Connection [com.mysql.cj.jdbc.ConnectionImpl@60a2630a]
[DEBUG][20-10-02][org.apache.ibatis.transaction.jdbc.JdbcTransaction]Resetting autocommit to true on JDBC Connection [com.mysql.cj.jdbc.ConnectionImpl@60a2630a]
[DEBUG][20-10-02][org.apache.ibatis.transaction.jdbc.JdbcTransaction]Closing JDBC Connection [com.mysql.cj.jdbc.ConnectionImpl@60a2630a]
[DEBUG][20-10-02][org.apache.ibatis.datasource.pooled.PooledDataSource]Returned connection 1621254922 to pool.
[DEBUG][20-10-02][org.apache.ibatis.logging.LogFactory]Logging initialized using 'class org.apache.ibatis.logging.log4j.Log4jImpl' adapter.
[DEBUG][20-10-02][org.apache.ibatis.logging.LogFactory]Logging initialized using 'class org.apache.ibatis.logging.log4j.Log4jImpl' adapter.
[DEBUG][20-10-02][org.apache.ibatis.datasource.pooled.PooledDataSource]PooledDataSource forcefully closed/removed all connections.
[DEBUG][20-10-02][org.apache.ibatis.datasource.pooled.PooledDataSource]PooledDataSource forcefully closed/removed all connections.
[DEBUG][20-10-02][org.apache.ibatis.datasource.pooled.PooledDataSource]PooledDataSource forcefully closed/removed all connections.
[DEBUG][20-10-02][org.apache.ibatis.datasource.pooled.PooledDataSource]PooledDataSource forcefully closed/removed all connections.
[DEBUG][20-10-02][org.apache.ibatis.transaction.jdbc.JdbcTransaction]Opening JDBC Connection
[DEBUG][20-10-02][org.apache.ibatis.datasource.pooled.PooledDataSource]Created connection 1621254922.
[DEBUG][20-10-02][org.apache.ibatis.transaction.jdbc.JdbcTransaction]Setting autocommit to false on JDBC Connection [com.mysql.cj.jdbc.ConnectionImpl@60a2630a]
[DEBUG][20-10-02][com.liwenli.dao.UserMapper.deleteUser]==>  Preparing: delete from user where id = ?
[DEBUG][20-10-02][com.liwenli.dao.UserMapper.deleteUser]==> Parameters: 5(Integer)
[DEBUG][20-10-02][com.liwenli.dao.UserMapper.deleteUser]<==    Updates: 1
[DEBUG][20-10-02][org.apache.ibatis.transaction.jdbc.JdbcTransaction]Rolling back JDBC Connection [com.mysql.cj.jdbc.ConnectionImpl@60a2630a]
[DEBUG][20-10-02][org.apache.ibatis.transaction.jdbc.JdbcTransaction]Resetting autocommit to true on JDBC Connection [com.mysql.cj.jdbc.ConnectionImpl@60a2630a]
[DEBUG][20-10-02][org.apache.ibatis.transaction.jdbc.JdbcTransaction]Closing JDBC Connection [com.mysql.cj.jdbc.ConnectionImpl@60a2630a]
[DEBUG][20-10-02][org.apache.ibatis.datasource.pooled.PooledDataSource]Returned connection 1621254922 to pool.
[DEBUG][20-10-02][org.apache.ibatis.logging.LogFactory]Logging initialized using 'class org.apache.ibatis.logging.log4j.Log4jImpl' adapter.
[DEBUG][20-10-02][org.apache.ibatis.logging.LogFactory]Logging initialized using 'class org.apache.ibatis.logging.log4j.Log4jImpl' adapter.
[DEBUG][20-10-02][org.apache.ibatis.datasource.pooled.PooledDataSource]PooledDataSource forcefully closed/removed all connections.
[DEBUG][20-10-02][org.apache.ibatis.datasource.pooled.PooledDataSource]PooledDataSource forcefully closed/removed all connections.
[DEBUG][20-10-02][org.apache.ibatis.datasource.pooled.PooledDataSource]PooledDataSource forcefully closed/removed all connections.
[DEBUG][20-10-02][org.apache.ibatis.datasource.pooled.PooledDataSource]PooledDataSource forcefully closed/removed all connections.
[DEBUG][20-10-02][org.apache.ibatis.transaction.jdbc.JdbcTransaction]Opening JDBC Connection
[DEBUG][20-10-02][org.apache.ibatis.datasource.pooled.PooledDataSource]Created connection 1621254922.
[DEBUG][20-10-02][org.apache.ibatis.transaction.jdbc.JdbcTransaction]Setting autocommit to false on JDBC Connection [com.mysql.cj.jdbc.ConnectionImpl@60a2630a]
[DEBUG][20-10-02][com.liwenli.dao.UserMapper.deleteUser]==>  Preparing: delete from user where id = ?
[DEBUG][20-10-02][com.liwenli.dao.UserMapper.deleteUser]==> Parameters: 5(Integer)
[DEBUG][20-10-02][com.liwenli.dao.UserMapper.deleteUser]<==    Updates: 1
[DEBUG][20-10-02][org.apache.ibatis.transaction.jdbc.JdbcTransaction]Rolling back JDBC Connection [com.mysql.cj.jdbc.ConnectionImpl@60a2630a]
[DEBUG][20-10-02][org.apache.ibatis.transaction.jdbc.JdbcTransaction]Resetting autocommit to true on JDBC Connection [com.mysql.cj.jdbc.ConnectionImpl@60a2630a]
[DEBUG][20-10-02][org.apache.ibatis.transaction.jdbc.JdbcTransaction]Closing JDBC Connection [com.mysql.cj.jdbc.ConnectionImpl@60a2630a]
[DEBUG][20-10-02][org.apache.ibatis.datasource.pooled.PooledDataSource]Returned connection 1621254922 to pool.
