[DEBUG][20-10-02][org.apache.ibatis.logging.LogFactory]Logging initialized using 'class org.apache.ibatis.logging.log4j.Log4jImpl' adapter.
[DEBUG][20-10-02][org.apache.ibatis.logging.LogFactory]Logging initialized using 'class org.apache.ibatis.logging.log4j.Log4jImpl' adapter.
[DEBUG][20-10-02][org.apache.ibatis.datasource.pooled.PooledDataSource]PooledDataSource forcefully closed/removed all connections.
[DEBUG][20-10-02][org.apache.ibatis.datasource.pooled.PooledDataSource]PooledDataSource forcefully closed/removed all connections.
[DEBUG][20-10-02][org.apache.ibatis.datasource.pooled.PooledDataSource]PooledDataSource forcefully closed/removed all connections.
[DEBUG][20-10-02][org.apache.ibatis.datasource.pooled.PooledDataSource]PooledDataSource forcefully closed/removed all connections.
[DEBUG][20-10-02][org.apache.ibatis.transaction.jdbc.JdbcTransaction]Opening JDBC Connection
[DEBUG][20-10-02][org.apache.ibatis.datasource.pooled.PooledDataSource]Created connection 1574509514.
[DEBUG][20-10-02][org.apache.ibatis.transaction.jdbc.JdbcTransaction]Setting autocommit to false on JDBC Connection [com.mysql.cj.jdbc.ConnectionImpl@5dd91bca]
[DEBUG][20-10-02][com.liwenli.dao.UserMapper.addUser2]==>  Preparing: insert into user (id,name,pwd) values (?,?,?)
[DEBUG][20-10-02][com.liwenli.dao.UserMapper.addUser2]==> Parameters: 6(Integer), 张金龙(String), zhangjinlong(String)
[DEBUG][20-10-02][com.liwenli.dao.UserMapper.addUser2]<==    Updates: 1
[DEBUG][20-10-02][org.apache.ibatis.transaction.jdbc.JdbcTransaction]Rolling back JDBC Connection [com.mysql.cj.jdbc.ConnectionImpl@5dd91bca]
[DEBUG][20-10-02][org.apache.ibatis.transaction.jdbc.JdbcTransaction]Resetting autocommit to true on JDBC Connection [com.mysql.cj.jdbc.ConnectionImpl@5dd91bca]
[DEBUG][20-10-02][org.apache.ibatis.transaction.jdbc.JdbcTransaction]Closing JDBC Connection [com.mysql.cj.jdbc.ConnectionImpl@5dd91bca]
[DEBUG][20-10-02][org.apache.ibatis.datasource.pooled.PooledDataSource]Returned connection 1574509514 to pool.
[DEBUG][20-10-02][org.apache.ibatis.logging.LogFactory]Logging initialized using 'class org.apache.ibatis.logging.log4j.Log4jImpl' adapter.
[DEBUG][20-10-02][org.apache.ibatis.logging.LogFactory]Logging initialized using 'class org.apache.ibatis.logging.log4j.Log4jImpl' adapter.
[DEBUG][20-10-02][org.apache.ibatis.datasource.pooled.PooledDataSource]PooledDataSource forcefully closed/removed all connections.
[DEBUG][20-10-02][org.apache.ibatis.datasource.pooled.PooledDataSource]PooledDataSource forcefully closed/removed all connections.
[DEBUG][20-10-02][org.apache.ibatis.datasource.pooled.PooledDataSource]PooledDataSource forcefully closed/removed all connections.
[DEBUG][20-10-02][org.apache.ibatis.datasource.pooled.PooledDataSource]PooledDataSource forcefully closed/removed all connections.
[DEBUG][20-10-02][org.apache.ibatis.transaction.jdbc.JdbcTransaction]Opening JDBC Connection
[DEBUG][20-10-02][org.apache.ibatis.datasource.pooled.PooledDataSource]Created connection 1087072654.
[DEBUG][20-10-02][org.apache.ibatis.transaction.jdbc.JdbcTransaction]Setting autocommit to false on JDBC Connection [com.mysql.cj.jdbc.ConnectionImpl@40cb698e]
[DEBUG][20-10-02][com.liwenli.dao.UserMapper.addUser2]==>  Preparing: insert into user (id,name,pwd) values (?,?,?)
[DEBUG][20-10-02][com.liwenli.dao.UserMapper.addUser2]==> Parameters: 6(Integer), 张金龙(String), zhangjinlong(String)
[DEBUG][20-10-02][com.liwenli.dao.UserMapper.addUser2]<==    Updates: 1
[DEBUG][20-10-02][org.apache.ibatis.transaction.jdbc.JdbcTransaction]Committing JDBC Connection [com.mysql.cj.jdbc.ConnectionImpl@40cb698e]
[DEBUG][20-10-02][org.apache.ibatis.transaction.jdbc.JdbcTransaction]Resetting autocommit to true on JDBC Connection [com.mysql.cj.jdbc.ConnectionImpl@40cb698e]
[DEBUG][20-10-02][org.apache.ibatis.transaction.jdbc.JdbcTransaction]Closing JDBC Connection [com.mysql.cj.jdbc.ConnectionImpl@40cb698e]
[DEBUG][20-10-02][org.apache.ibatis.datasource.pooled.PooledDataSource]Returned connection 1087072654 to pool.
[DEBUG][20-10-02][org.apache.ibatis.logging.LogFactory]Logging initialized using 'class org.apache.ibatis.logging.log4j.Log4jImpl' adapter.
[DEBUG][20-10-02][org.apache.ibatis.logging.LogFactory]Logging initialized using 'class org.apache.ibatis.logging.log4j.Log4jImpl' adapter.
[DEBUG][20-10-02][org.apache.ibatis.datasource.pooled.PooledDataSource]PooledDataSource forcefully closed/removed all connections.
[DEBUG][20-10-02][org.apache.ibatis.datasource.pooled.PooledDataSource]PooledDataSource forcefully closed/removed all connections.
[DEBUG][20-10-02][org.apache.ibatis.datasource.pooled.PooledDataSource]PooledDataSource forcefully closed/removed all connections.
[DEBUG][20-10-02][org.apache.ibatis.datasource.pooled.PooledDataSource]PooledDataSource forcefully closed/removed all connections.
[DEBUG][20-10-02][org.apache.ibatis.transaction.jdbc.JdbcTransaction]Opening JDBC Connection
[DEBUG][20-10-02][org.apache.ibatis.datasource.pooled.PooledDataSource]Created connection 1087072654.
[DEBUG][20-10-02][org.apache.ibatis.transaction.jdbc.JdbcTransaction]Setting autocommit to false on JDBC Connection [com.mysql.cj.jdbc.ConnectionImpl@40cb698e]
[DEBUG][20-10-02][com.liwenli.dao.UserMapper.addUser2]==>  Preparing: insert into user (id,name,pwd) values (?,?,?)
[DEBUG][20-10-02][com.liwenli.dao.UserMapper.addUser2]==> Parameters: null, null, null
[DEBUG][20-10-02][org.apache.ibatis.logging.LogFactory]Logging initialized using 'class org.apache.ibatis.logging.log4j.Log4jImpl' adapter.
[DEBUG][20-10-02][org.apache.ibatis.logging.LogFactory]Logging initialized using 'class org.apache.ibatis.logging.log4j.Log4jImpl' adapter.
[DEBUG][20-10-02][org.apache.ibatis.datasource.pooled.PooledDataSource]PooledDataSource forcefully closed/removed all connections.
[DEBUG][20-10-02][org.apache.ibatis.datasource.pooled.PooledDataSource]PooledDataSource forcefully closed/removed all connections.
[DEBUG][20-10-02][org.apache.ibatis.datasource.pooled.PooledDataSource]PooledDataSource forcefully closed/removed all connections.
[DEBUG][20-10-02][org.apache.ibatis.datasource.pooled.PooledDataSource]PooledDataSource forcefully closed/removed all connections.
[DEBUG][20-10-02][org.apache.ibatis.transaction.jdbc.JdbcTransaction]Opening JDBC Connection
[DEBUG][20-10-02][org.apache.ibatis.datasource.pooled.PooledDataSource]Created connection 735228558.
[DEBUG][20-10-02][org.apache.ibatis.transaction.jdbc.JdbcTransaction]Setting autocommit to false on JDBC Connection [com.mysql.cj.jdbc.ConnectionImpl@2bd2b28e]
[DEBUG][20-10-02][com.liwenli.dao.UserMapper.selectUserById2]==>  Preparing: select * from user where id = ? and name = ?
[DEBUG][20-10-02][com.liwenli.dao.UserMapper.selectUserById2]==> Parameters: null, null
[DEBUG][20-10-02][com.liwenli.dao.UserMapper.selectUserById2]<==      Total: 0
[DEBUG][20-10-02][org.apache.ibatis.logging.LogFactory]Logging initialized using 'class org.apache.ibatis.logging.log4j.Log4jImpl' adapter.
[DEBUG][20-10-02][org.apache.ibatis.logging.LogFactory]Logging initialized using 'class org.apache.ibatis.logging.log4j.Log4jImpl' adapter.
[DEBUG][20-10-02][org.apache.ibatis.datasource.pooled.PooledDataSource]PooledDataSource forcefully closed/removed all connections.
[DEBUG][20-10-02][org.apache.ibatis.datasource.pooled.PooledDataSource]PooledDataSource forcefully closed/removed all connections.
[DEBUG][20-10-02][org.apache.ibatis.datasource.pooled.PooledDataSource]PooledDataSource forcefully closed/removed all connections.
[DEBUG][20-10-02][org.apache.ibatis.datasource.pooled.PooledDataSource]PooledDataSource forcefully closed/removed all connections.
[DEBUG][20-10-02][org.apache.ibatis.transaction.jdbc.JdbcTransaction]Opening JDBC Connection
[DEBUG][20-10-02][org.apache.ibatis.datasource.pooled.PooledDataSource]Created connection 376725601.
[DEBUG][20-10-02][org.apache.ibatis.transaction.jdbc.JdbcTransaction]Setting autocommit to false on JDBC Connection [com.mysql.cj.jdbc.ConnectionImpl@16746061]
[DEBUG][20-10-02][com.liwenli.dao.UserMapper.selectUserById2]==>  Preparing: select * from user where id = ? and name = ?
[DEBUG][20-10-02][com.liwenli.dao.UserMapper.selectUserById2]==> Parameters: null, null
[DEBUG][20-10-02][com.liwenli.dao.UserMapper.selectUserById2]<==      Total: 0
[DEBUG][20-10-02][org.apache.ibatis.logging.LogFactory]Logging initialized using 'class org.apache.ibatis.logging.log4j.Log4jImpl' adapter.
[DEBUG][20-10-02][org.apache.ibatis.logging.LogFactory]Logging initialized using 'class org.apache.ibatis.logging.log4j.Log4jImpl' adapter.
[DEBUG][20-10-02][org.apache.ibatis.datasource.pooled.PooledDataSource]PooledDataSource forcefully closed/removed all connections.
[DEBUG][20-10-02][org.apache.ibatis.datasource.pooled.PooledDataSource]PooledDataSource forcefully closed/removed all connections.
[DEBUG][20-10-02][org.apache.ibatis.datasource.pooled.PooledDataSource]PooledDataSource forcefully closed/removed all connections.
[DEBUG][20-10-02][org.apache.ibatis.datasource.pooled.PooledDataSource]PooledDataSource forcefully closed/removed all connections.
[DEBUG][20-10-02][org.apache.ibatis.transaction.jdbc.JdbcTransaction]Opening JDBC Connection
[DEBUG][20-10-02][org.apache.ibatis.datasource.pooled.PooledDataSource]Created connection 376725601.
[DEBUG][20-10-02][org.apache.ibatis.transaction.jdbc.JdbcTransaction]Setting autocommit to false on JDBC Connection [com.mysql.cj.jdbc.ConnectionImpl@16746061]
[DEBUG][20-10-02][com.liwenli.dao.UserMapper.selectUserById2]==>  Preparing: select * from user where id = ? and name = ?
[DEBUG][20-10-02][com.liwenli.dao.UserMapper.selectUserById2]==> Parameters: null, null
[DEBUG][20-10-02][com.liwenli.dao.UserMapper.selectUserById2]<==      Total: 0
[DEBUG][20-10-02][org.apache.ibatis.logging.LogFactory]Logging initialized using 'class org.apache.ibatis.logging.log4j.Log4jImpl' adapter.
[DEBUG][20-10-02][org.apache.ibatis.logging.LogFactory]Logging initialized using 'class org.apache.ibatis.logging.log4j.Log4jImpl' adapter.
[DEBUG][20-10-02][org.apache.ibatis.datasource.pooled.PooledDataSource]PooledDataSource forcefully closed/removed all connections.
[DEBUG][20-10-02][org.apache.ibatis.datasource.pooled.PooledDataSource]PooledDataSource forcefully closed/removed all connections.
[DEBUG][20-10-02][org.apache.ibatis.datasource.pooled.PooledDataSource]PooledDataSource forcefully closed/removed all connections.
[DEBUG][20-10-02][org.apache.ibatis.datasource.pooled.PooledDataSource]PooledDataSource forcefully closed/removed all connections.
[DEBUG][20-10-02][org.apache.ibatis.transaction.jdbc.JdbcTransaction]Opening JDBC Connection
[DEBUG][20-10-02][org.apache.ibatis.datasource.pooled.PooledDataSource]Created connection 376725601.
[DEBUG][20-10-02][org.apache.ibatis.transaction.jdbc.JdbcTransaction]Setting autocommit to false on JDBC Connection [com.mysql.cj.jdbc.ConnectionImpl@16746061]
[DEBUG][20-10-02][com.liwenli.dao.UserMapper.selectUserById2]==>  Preparing: select * from user where id = ? and name = ?
[DEBUG][20-10-02][com.liwenli.dao.UserMapper.selectUserById2]==> Parameters: null, null
[DEBUG][20-10-02][com.liwenli.dao.UserMapper.selectUserById2]<==      Total: 0
[DEBUG][20-10-02][org.apache.ibatis.logging.LogFactory]Logging initialized using 'class org.apache.ibatis.logging.log4j.Log4jImpl' adapter.
[DEBUG][20-10-02][org.apache.ibatis.logging.LogFactory]Logging initialized using 'class org.apache.ibatis.logging.log4j.Log4jImpl' adapter.
[DEBUG][20-10-02][org.apache.ibatis.datasource.pooled.PooledDataSource]PooledDataSource forcefully closed/removed all connections.
[DEBUG][20-10-02][org.apache.ibatis.datasource.pooled.PooledDataSource]PooledDataSource forcefully closed/removed all connections.
[DEBUG][20-10-02][org.apache.ibatis.datasource.pooled.PooledDataSource]PooledDataSource forcefully closed/removed all connections.
[DEBUG][20-10-02][org.apache.ibatis.datasource.pooled.PooledDataSource]PooledDataSource forcefully closed/removed all connections.
[DEBUG][20-10-02][org.apache.ibatis.transaction.jdbc.JdbcTransaction]Opening JDBC Connection
[DEBUG][20-10-02][org.apache.ibatis.datasource.pooled.PooledDataSource]Created connection 376725601.
[DEBUG][20-10-02][org.apache.ibatis.transaction.jdbc.JdbcTransaction]Setting autocommit to false on JDBC Connection [com.mysql.cj.jdbc.ConnectionImpl@16746061]
[DEBUG][20-10-02][com.liwenli.dao.UserMapper.selectUserById2]==>  Preparing: select * from user where id = ? and name = ?
[DEBUG][20-10-02][com.liwenli.dao.UserMapper.selectUserById2]==> Parameters: null, null
[DEBUG][20-10-02][com.liwenli.dao.UserMapper.selectUserById2]<==      Total: 0
[DEBUG][20-10-02][org.apache.ibatis.logging.LogFactory]Logging initialized using 'class org.apache.ibatis.logging.log4j.Log4jImpl' adapter.
[DEBUG][20-10-02][org.apache.ibatis.logging.LogFactory]Logging initialized using 'class org.apache.ibatis.logging.log4j.Log4jImpl' adapter.
[DEBUG][20-10-02][org.apache.ibatis.datasource.pooled.PooledDataSource]PooledDataSource forcefully closed/removed all connections.
[DEBUG][20-10-02][org.apache.ibatis.datasource.pooled.PooledDataSource]PooledDataSource forcefully closed/removed all connections.
[DEBUG][20-10-02][org.apache.ibatis.datasource.pooled.PooledDataSource]PooledDataSource forcefully closed/removed all connections.
[DEBUG][20-10-02][org.apache.ibatis.datasource.pooled.PooledDataSource]PooledDataSource forcefully closed/removed all connections.
[DEBUG][20-10-02][org.apache.ibatis.transaction.jdbc.JdbcTransaction]Opening JDBC Connection
[DEBUG][20-10-02][org.apache.ibatis.datasource.pooled.PooledDataSource]Created connection 376725601.
[DEBUG][20-10-02][org.apache.ibatis.transaction.jdbc.JdbcTransaction]Setting autocommit to false on JDBC Connection [com.mysql.cj.jdbc.ConnectionImpl@16746061]
[DEBUG][20-10-02][com.liwenli.dao.UserMapper.selectUserById2]==>  Preparing: select * from user where id = ?
[DEBUG][20-10-02][com.liwenli.dao.UserMapper.selectUserById2]==> Parameters: 5(Integer)
[DEBUG][20-10-02][com.liwenli.dao.UserMapper.selectUserById2]<==      Total: 1
[DEBUG][20-10-02][org.apache.ibatis.logging.LogFactory]Logging initialized using 'class org.apache.ibatis.logging.log4j.Log4jImpl' adapter.
[DEBUG][20-10-02][org.apache.ibatis.logging.LogFactory]Logging initialized using 'class org.apache.ibatis.logging.log4j.Log4jImpl' adapter.
[DEBUG][20-10-02][org.apache.ibatis.datasource.pooled.PooledDataSource]PooledDataSource forcefully closed/removed all connections.
[DEBUG][20-10-02][org.apache.ibatis.datasource.pooled.PooledDataSource]PooledDataSource forcefully closed/removed all connections.
[DEBUG][20-10-02][org.apache.ibatis.datasource.pooled.PooledDataSource]PooledDataSource forcefully closed/removed all connections.
[DEBUG][20-10-02][org.apache.ibatis.datasource.pooled.PooledDataSource]PooledDataSource forcefully closed/removed all connections.
[DEBUG][20-10-02][org.apache.ibatis.transaction.jdbc.JdbcTransaction]Opening JDBC Connection
[DEBUG][20-10-02][org.apache.ibatis.datasource.pooled.PooledDataSource]Created connection 376725601.
[DEBUG][20-10-02][org.apache.ibatis.transaction.jdbc.JdbcTransaction]Setting autocommit to false on JDBC Connection [com.mysql.cj.jdbc.ConnectionImpl@16746061]
[DEBUG][20-10-02][com.liwenli.dao.UserMapper.selectUserById2]==>  Preparing: select * from user where id = ? and name = ?
[DEBUG][20-10-02][com.liwenli.dao.UserMapper.selectUserById2]==> Parameters: 5(Integer), 王淑玮(String)
[DEBUG][20-10-02][com.liwenli.dao.UserMapper.selectUserById2]<==      Total: 1
[DEBUG][20-10-02][org.apache.ibatis.logging.LogFactory]Logging initialized using 'class org.apache.ibatis.logging.log4j.Log4jImpl' adapter.
[DEBUG][20-10-02][org.apache.ibatis.logging.LogFactory]Logging initialized using 'class org.apache.ibatis.logging.log4j.Log4jImpl' adapter.
[DEBUG][20-10-02][org.apache.ibatis.datasource.pooled.PooledDataSource]PooledDataSource forcefully closed/removed all connections.
[DEBUG][20-10-02][org.apache.ibatis.datasource.pooled.PooledDataSource]PooledDataSource forcefully closed/removed all connections.
[DEBUG][20-10-02][org.apache.ibatis.datasource.pooled.PooledDataSource]PooledDataSource forcefully closed/removed all connections.
[DEBUG][20-10-02][org.apache.ibatis.datasource.pooled.PooledDataSource]PooledDataSource forcefully closed/removed all connections.
[DEBUG][20-10-02][org.apache.ibatis.transaction.jdbc.JdbcTransaction]Opening JDBC Connection
[DEBUG][20-10-02][org.apache.ibatis.datasource.pooled.PooledDataSource]Created connection 376725601.
[DEBUG][20-10-02][org.apache.ibatis.transaction.jdbc.JdbcTransaction]Setting autocommit to false on JDBC Connection [com.mysql.cj.jdbc.ConnectionImpl@16746061]
[DEBUG][20-10-02][com.liwenli.dao.UserMapper.selectUserById2]==>  Preparing: select * from user where id = ? and name = ?
[DEBUG][20-10-02][com.liwenli.dao.UserMapper.selectUserById2]==> Parameters: 5(Integer), 王淑玮(String)
[DEBUG][20-10-02][com.liwenli.dao.UserMapper.selectUserById2]<==      Total: 1
[DEBUG][20-10-02][org.apache.ibatis.logging.LogFactory]Logging initialized using 'class org.apache.ibatis.logging.log4j.Log4jImpl' adapter.
[DEBUG][20-10-02][org.apache.ibatis.logging.LogFactory]Logging initialized using 'class org.apache.ibatis.logging.log4j.Log4jImpl' adapter.
[DEBUG][20-10-02][org.apache.ibatis.datasource.pooled.PooledDataSource]PooledDataSource forcefully closed/removed all connections.
[DEBUG][20-10-02][org.apache.ibatis.datasource.pooled.PooledDataSource]PooledDataSource forcefully closed/removed all connections.
[DEBUG][20-10-02][org.apache.ibatis.datasource.pooled.PooledDataSource]PooledDataSource forcefully closed/removed all connections.
[DEBUG][20-10-02][org.apache.ibatis.datasource.pooled.PooledDataSource]PooledDataSource forcefully closed/removed all connections.
[DEBUG][20-10-02][org.apache.ibatis.transaction.jdbc.JdbcTransaction]Opening JDBC Connection
[DEBUG][20-10-02][org.apache.ibatis.datasource.pooled.PooledDataSource]Created connection 1621254922.
[DEBUG][20-10-02][org.apache.ibatis.transaction.jdbc.JdbcTransaction]Setting autocommit to false on JDBC Connection [com.mysql.cj.jdbc.ConnectionImpl@60a2630a]
[DEBUG][20-10-02][com.liwenli.dao.UserMapper.addUser2]==>  Preparing: insert into user (id,name,pwd) values (?,?,?)
[DEBUG][20-10-02][com.liwenli.dao.UserMapper.addUser2]==> Parameters: 6(Integer), 张金龙(String), zhangjinlong(String)
[DEBUG][20-10-02][org.apache.ibatis.logging.LogFactory]Logging initialized using 'class org.apache.ibatis.logging.log4j.Log4jImpl' adapter.
[DEBUG][20-10-02][org.apache.ibatis.logging.LogFactory]Logging initialized using 'class org.apache.ibatis.logging.log4j.Log4jImpl' adapter.
[DEBUG][20-10-02][org.apache.ibatis.datasource.pooled.PooledDataSource]PooledDataSource forcefully closed/removed all connections.
[DEBUG][20-10-02][org.apache.ibatis.datasource.pooled.PooledDataSource]PooledDataSource forcefully closed/removed all connections.
[DEBUG][20-10-02][org.apache.ibatis.datasource.pooled.PooledDataSource]PooledDataSource forcefully closed/removed all connections.
[DEBUG][20-10-02][org.apache.ibatis.datasource.pooled.PooledDataSource]PooledDataSource forcefully closed/removed all connections.
[DEBUG][20-10-02][org.apache.ibatis.transaction.jdbc.JdbcTransaction]Opening JDBC Connection
[DEBUG][20-10-02][org.apache.ibatis.datasource.pooled.PooledDataSource]Created connection 2002174925.
[DEBUG][20-10-02][org.apache.ibatis.transaction.jdbc.JdbcTransaction]Setting autocommit to false on JDBC Connection [com.mysql.cj.jdbc.ConnectionImpl@7756c3cd]
[DEBUG][20-10-02][com.liwenli.dao.UserMapper.selectUserById2]==>  Preparing: select * from user where id = ? and name = ?
[DEBUG][20-10-02][com.liwenli.dao.UserMapper.selectUserById2]==> Parameters: 5(Integer), 王淑玮(String)
[DEBUG][20-10-02][org.apache.ibatis.logging.LogFactory]Logging initialized using 'class org.apache.ibatis.logging.log4j.Log4jImpl' adapter.
[DEBUG][20-10-02][org.apache.ibatis.logging.LogFactory]Logging initialized using 'class org.apache.ibatis.logging.log4j.Log4jImpl' adapter.
[DEBUG][20-10-02][org.apache.ibatis.datasource.pooled.PooledDataSource]PooledDataSource forcefully closed/removed all connections.
[DEBUG][20-10-02][org.apache.ibatis.datasource.pooled.PooledDataSource]PooledDataSource forcefully closed/removed all connections.
[DEBUG][20-10-02][org.apache.ibatis.datasource.pooled.PooledDataSource]PooledDataSource forcefully closed/removed all connections.
[DEBUG][20-10-02][org.apache.ibatis.datasource.pooled.PooledDataSource]PooledDataSource forcefully closed/removed all connections.
[DEBUG][20-10-02][org.apache.ibatis.transaction.jdbc.JdbcTransaction]Opening JDBC Connection
[DEBUG][20-10-02][org.apache.ibatis.datasource.pooled.PooledDataSource]Created connection 1966670937.
[DEBUG][20-10-02][org.apache.ibatis.transaction.jdbc.JdbcTransaction]Setting autocommit to false on JDBC Connection [com.mysql.cj.jdbc.ConnectionImpl@75390459]
[DEBUG][20-10-02][com.liwenli.dao.UserMapper.selectUserById2]==>  Preparing: select * from user where id = ? and name = ?
[DEBUG][20-10-02][com.liwenli.dao.UserMapper.selectUserById2]==> Parameters: 5(Integer), 王淑玮(String)
[DEBUG][20-10-02][org.apache.ibatis.logging.LogFactory]Logging initialized using 'class org.apache.ibatis.logging.log4j.Log4jImpl' adapter.
[DEBUG][20-10-02][org.apache.ibatis.logging.LogFactory]Logging initialized using 'class org.apache.ibatis.logging.log4j.Log4jImpl' adapter.
[DEBUG][20-10-02][org.apache.ibatis.datasource.pooled.PooledDataSource]PooledDataSource forcefully closed/removed all connections.
[DEBUG][20-10-02][org.apache.ibatis.datasource.pooled.PooledDataSource]PooledDataSource forcefully closed/removed all connections.
[DEBUG][20-10-02][org.apache.ibatis.datasource.pooled.PooledDataSource]PooledDataSource forcefully closed/removed all connections.
[DEBUG][20-10-02][org.apache.ibatis.datasource.pooled.PooledDataSource]PooledDataSource forcefully closed/removed all connections.
[DEBUG][20-10-02][org.apache.ibatis.transaction.jdbc.JdbcTransaction]Opening JDBC Connection
[DEBUG][20-10-02][org.apache.ibatis.datasource.pooled.PooledDataSource]Created connection 1618984457.
[DEBUG][20-10-02][org.apache.ibatis.transaction.jdbc.JdbcTransaction]Setting autocommit to false on JDBC Connection [com.mysql.cj.jdbc.ConnectionImpl@607fbe09]
[DEBUG][20-10-02][com.liwenli.dao.UserMapper.addUser2]==>  Preparing: insert into user (id,name,pwd) values (?,?,?)
[DEBUG][20-10-02][com.liwenli.dao.UserMapper.addUser2]==> Parameters: 7(Integer), 李远胜(String), liyuansheng(String)
[DEBUG][20-10-02][com.liwenli.dao.UserMapper.addUser2]<==    Updates: 1
[DEBUG][20-10-02][org.apache.ibatis.transaction.jdbc.JdbcTransaction]Committing JDBC Connection [com.mysql.cj.jdbc.ConnectionImpl@607fbe09]
[DEBUG][20-10-02][org.apache.ibatis.transaction.jdbc.JdbcTransaction]Resetting autocommit to true on JDBC Connection [com.mysql.cj.jdbc.ConnectionImpl@607fbe09]
[DEBUG][20-10-02][org.apache.ibatis.transaction.jdbc.JdbcTransaction]Closing JDBC Connection [com.mysql.cj.jdbc.ConnectionImpl@607fbe09]
[DEBUG][20-10-02][org.apache.ibatis.datasource.pooled.PooledDataSource]Returned connection 1618984457 to pool.
[DEBUG][20-10-02][org.apache.ibatis.logging.LogFactory]Logging initialized using 'class org.apache.ibatis.logging.log4j.Log4jImpl' adapter.
[DEBUG][20-10-02][org.apache.ibatis.logging.LogFactory]Logging initialized using 'class org.apache.ibatis.logging.log4j.Log4jImpl' adapter.
[DEBUG][20-10-02][org.apache.ibatis.datasource.pooled.PooledDataSource]PooledDataSource forcefully closed/removed all connections.
[DEBUG][20-10-02][org.apache.ibatis.datasource.pooled.PooledDataSource]PooledDataSource forcefully closed/removed all connections.
[DEBUG][20-10-02][org.apache.ibatis.datasource.pooled.PooledDataSource]PooledDataSource forcefully closed/removed all connections.
[DEBUG][20-10-02][org.apache.ibatis.datasource.pooled.PooledDataSource]PooledDataSource forcefully closed/removed all connections.
[DEBUG][20-10-02][org.apache.ibatis.transaction.jdbc.JdbcTransaction]Opening JDBC Connection
[DEBUG][20-10-02][org.apache.ibatis.datasource.pooled.PooledDataSource]Created connection 1966670937.
[DEBUG][20-10-02][org.apache.ibatis.transaction.jdbc.JdbcTransaction]Setting autocommit to false on JDBC Connection [com.mysql.cj.jdbc.ConnectionImpl@75390459]
[DEBUG][20-10-02][com.liwenli.dao.UserMapper.selectUserById2]==>  Preparing: select * from user where id = ? and name = ?
[DEBUG][20-10-02][com.liwenli.dao.UserMapper.selectUserById2]==> Parameters: 5(Integer), 王淑玮(String)
[DEBUG][20-10-02][org.apache.ibatis.logging.LogFactory]Logging initialized using 'class org.apache.ibatis.logging.log4j.Log4jImpl' adapter.
[DEBUG][20-10-02][org.apache.ibatis.logging.LogFactory]Logging initialized using 'class org.apache.ibatis.logging.log4j.Log4jImpl' adapter.
[DEBUG][20-10-02][org.apache.ibatis.datasource.pooled.PooledDataSource]PooledDataSource forcefully closed/removed all connections.
[DEBUG][20-10-02][org.apache.ibatis.datasource.pooled.PooledDataSource]PooledDataSource forcefully closed/removed all connections.
[DEBUG][20-10-02][org.apache.ibatis.datasource.pooled.PooledDataSource]PooledDataSource forcefully closed/removed all connections.
[DEBUG][20-10-02][org.apache.ibatis.datasource.pooled.PooledDataSource]PooledDataSource forcefully closed/removed all connections.
[DEBUG][20-10-02][org.apache.ibatis.transaction.jdbc.JdbcTransaction]Opening JDBC Connection
[DEBUG][20-10-02][org.apache.ibatis.datasource.pooled.PooledDataSource]Created connection 1966670937.
[DEBUG][20-10-02][org.apache.ibatis.transaction.jdbc.JdbcTransaction]Setting autocommit to false on JDBC Connection [com.mysql.cj.jdbc.ConnectionImpl@75390459]
[DEBUG][20-10-02][com.liwenli.dao.UserMapper.selectUserById2]==>  Preparing: select * from user where id = ? and name = ?
[DEBUG][20-10-02][com.liwenli.dao.UserMapper.selectUserById2]==> Parameters: 5(Integer), 王淑玮(String)
[DEBUG][20-10-02][com.liwenli.dao.UserMapper.selectUserById2]<==      Total: 1
[DEBUG][20-10-02][org.apache.ibatis.logging.LogFactory]Logging initialized using 'class org.apache.ibatis.logging.log4j.Log4jImpl' adapter.
[DEBUG][20-10-02][org.apache.ibatis.logging.LogFactory]Logging initialized using 'class org.apache.ibatis.logging.log4j.Log4jImpl' adapter.
[DEBUG][20-10-02][org.apache.ibatis.datasource.pooled.PooledDataSource]PooledDataSource forcefully closed/removed all connections.
[DEBUG][20-10-02][org.apache.ibatis.datasource.pooled.PooledDataSource]PooledDataSource forcefully closed/removed all connections.
[DEBUG][20-10-02][org.apache.ibatis.datasource.pooled.PooledDataSource]PooledDataSource forcefully closed/removed all connections.
[DEBUG][20-10-02][org.apache.ibatis.datasource.pooled.PooledDataSource]PooledDataSource forcefully closed/removed all connections.
[DEBUG][20-10-02][org.apache.ibatis.transaction.jdbc.JdbcTransaction]Opening JDBC Connection
[DEBUG][20-10-02][org.apache.ibatis.datasource.pooled.PooledDataSource]Created connection 1966670937.
[DEBUG][20-10-02][org.apache.ibatis.transaction.jdbc.JdbcTransaction]Setting autocommit to false on JDBC Connection [com.mysql.cj.jdbc.ConnectionImpl@75390459]
[DEBUG][20-10-02][com.liwenli.dao.UserMapper.selectUserById2]==>  Preparing: select * from user where id = ? and name = ?
[DEBUG][20-10-02][com.liwenli.dao.UserMapper.selectUserById2]==> Parameters: 5(Integer), 王淑玮(String)
[DEBUG][20-10-02][com.liwenli.dao.UserMapper.selectUserById2]<==      Total: 1
[DEBUG][20-10-02][org.apache.ibatis.logging.LogFactory]Logging initialized using 'class org.apache.ibatis.logging.log4j.Log4jImpl' adapter.
[DEBUG][20-10-02][org.apache.ibatis.logging.LogFactory]Logging initialized using 'class org.apache.ibatis.logging.log4j.Log4jImpl' adapter.
[DEBUG][20-10-02][org.apache.ibatis.datasource.pooled.PooledDataSource]PooledDataSource forcefully closed/removed all connections.
[DEBUG][20-10-02][org.apache.ibatis.datasource.pooled.PooledDataSource]PooledDataSource forcefully closed/removed all connections.
[DEBUG][20-10-02][org.apache.ibatis.datasource.pooled.PooledDataSource]PooledDataSource forcefully closed/removed all connections.
[DEBUG][20-10-02][org.apache.ibatis.datasource.pooled.PooledDataSource]PooledDataSource forcefully closed/removed all connections.
[DEBUG][20-10-02][org.apache.ibatis.transaction.jdbc.JdbcTransaction]Opening JDBC Connection
[DEBUG][20-10-02][org.apache.ibatis.datasource.pooled.PooledDataSource]Created connection 1966670937.
[DEBUG][20-10-02][org.apache.ibatis.transaction.jdbc.JdbcTransaction]Setting autocommit to false on JDBC Connection [com.mysql.cj.jdbc.ConnectionImpl@75390459]
[DEBUG][20-10-02][com.liwenli.dao.UserMapper.selectUserById2]==>  Preparing: select * from user where id = ? and name = ?
[DEBUG][20-10-02][com.liwenli.dao.UserMapper.selectUserById2]==> Parameters: 5(Integer), 王淑玮(String)
[DEBUG][20-10-02][com.liwenli.dao.UserMapper.selectUserById2]<==      Total: 1
[DEBUG][20-10-02][org.apache.ibatis.logging.LogFactory]Logging initialized using 'class org.apache.ibatis.logging.log4j.Log4jImpl' adapter.
[DEBUG][20-10-02][org.apache.ibatis.logging.LogFactory]Logging initialized using 'class org.apache.ibatis.logging.log4j.Log4jImpl' adapter.
[DEBUG][20-10-02][org.apache.ibatis.datasource.pooled.PooledDataSource]PooledDataSource forcefully closed/removed all connections.
[DEBUG][20-10-02][org.apache.ibatis.datasource.pooled.PooledDataSource]PooledDataSource forcefully closed/removed all connections.
[DEBUG][20-10-02][org.apache.ibatis.datasource.pooled.PooledDataSource]PooledDataSource forcefully closed/removed all connections.
[DEBUG][20-10-02][org.apache.ibatis.datasource.pooled.PooledDataSource]PooledDataSource forcefully closed/removed all connections.
[DEBUG][20-10-02][org.apache.ibatis.transaction.jdbc.JdbcTransaction]Opening JDBC Connection
[DEBUG][20-10-02][org.apache.ibatis.datasource.pooled.PooledDataSource]Created connection 2002174925.
[DEBUG][20-10-02][org.apache.ibatis.transaction.jdbc.JdbcTransaction]Setting autocommit to false on JDBC Connection [com.mysql.cj.jdbc.ConnectionImpl@7756c3cd]
[DEBUG][20-10-02][com.liwenli.dao.UserMapper.selectUserById2]==>  Preparing: select * from user where id = ? and name = ?
[DEBUG][20-10-02][com.liwenli.dao.UserMapper.selectUserById2]==> Parameters: 5(Integer), 王淑玮(String)
[DEBUG][20-10-02][com.liwenli.dao.UserMapper.selectUserById2]<==      Total: 1
[DEBUG][20-10-02][org.apache.ibatis.transaction.jdbc.JdbcTransaction]Resetting autocommit to true on JDBC Connection [com.mysql.cj.jdbc.ConnectionImpl@7756c3cd]
[DEBUG][20-10-02][org.apache.ibatis.transaction.jdbc.JdbcTransaction]Closing JDBC Connection [com.mysql.cj.jdbc.ConnectionImpl@7756c3cd]
[DEBUG][20-10-02][org.apache.ibatis.datasource.pooled.PooledDataSource]Returned connection 2002174925 to pool.
[DEBUG][20-10-02][org.apache.ibatis.logging.LogFactory]Logging initialized using 'class org.apache.ibatis.logging.log4j.Log4jImpl' adapter.
[DEBUG][20-10-02][org.apache.ibatis.logging.LogFactory]Logging initialized using 'class org.apache.ibatis.logging.log4j.Log4jImpl' adapter.
[DEBUG][20-10-02][org.apache.ibatis.datasource.pooled.PooledDataSource]PooledDataSource forcefully closed/removed all connections.
[DEBUG][20-10-02][org.apache.ibatis.datasource.pooled.PooledDataSource]PooledDataSource forcefully closed/removed all connections.
[DEBUG][20-10-02][org.apache.ibatis.datasource.pooled.PooledDataSource]PooledDataSource forcefully closed/removed all connections.
[DEBUG][20-10-02][org.apache.ibatis.datasource.pooled.PooledDataSource]PooledDataSource forcefully closed/removed all connections.
[DEBUG][20-10-02][org.apache.ibatis.transaction.jdbc.JdbcTransaction]Opening JDBC Connection
[DEBUG][20-10-02][org.apache.ibatis.datasource.pooled.PooledDataSource]Created connection 2002174925.
[DEBUG][20-10-02][org.apache.ibatis.transaction.jdbc.JdbcTransaction]Setting autocommit to false on JDBC Connection [com.mysql.cj.jdbc.ConnectionImpl@7756c3cd]
[DEBUG][20-10-02][com.liwenli.dao.UserMapper.selectUserById2]==>  Preparing: select * from user where id = ? and name = ?
[DEBUG][20-10-02][com.liwenli.dao.UserMapper.selectUserById2]==> Parameters: 5(Integer), 王淑玮(String)
[DEBUG][20-10-02][com.liwenli.dao.UserMapper.selectUserById2]<==      Total: 1
[DEBUG][20-10-02][org.apache.ibatis.transaction.jdbc.JdbcTransaction]Resetting autocommit to true on JDBC Connection [com.mysql.cj.jdbc.ConnectionImpl@7756c3cd]
[DEBUG][20-10-02][org.apache.ibatis.transaction.jdbc.JdbcTransaction]Closing JDBC Connection [com.mysql.cj.jdbc.ConnectionImpl@7756c3cd]
[DEBUG][20-10-02][org.apache.ibatis.datasource.pooled.PooledDataSource]Returned connection 2002174925 to pool.
