[DEBUG][20-10-01][org.apache.ibatis.logging.LogFactory]Logging initialized using 'class org.apache.ibatis.logging.log4j.Log4jImpl' adapter.
[DEBUG][20-10-01][org.apache.ibatis.logging.LogFactory]Logging initialized using 'class org.apache.ibatis.logging.log4j.Log4jImpl' adapter.
[DEBUG][20-10-01][org.apache.ibatis.datasource.pooled.PooledDataSource]PooledDataSource forcefully closed/removed all connections.
[DEBUG][20-10-01][org.apache.ibatis.datasource.pooled.PooledDataSource]PooledDataSource forcefully closed/removed all connections.
[DEBUG][20-10-01][org.apache.ibatis.datasource.pooled.PooledDataSource]PooledDataSource forcefully closed/removed all connections.
[DEBUG][20-10-01][org.apache.ibatis.datasource.pooled.PooledDataSource]PooledDataSource forcefully closed/removed all connections.
[DEBUG][20-10-01][org.apache.ibatis.transaction.jdbc.JdbcTransaction]Opening JDBC Connection
[DEBUG][20-10-01][org.apache.ibatis.datasource.pooled.PooledDataSource]Created connection 864221358.
[DEBUG][20-10-01][org.apache.ibatis.transaction.jdbc.JdbcTransaction]Setting autocommit to false on JDBC Connection [com.mysql.cj.jdbc.ConnectionImpl@3382f8ae]
[DEBUG][20-10-01][com.liwenli.dao.UserMapper.getUserList]==>  Preparing: select * from user
[DEBUG][20-10-01][com.liwenli.dao.UserMapper.getUserList]==> Parameters: 
[DEBUG][20-10-01][com.liwenli.dao.UserMapper.getUserList]<==      Total: 3
[DEBUG][20-10-01][org.apache.ibatis.transaction.jdbc.JdbcTransaction]Resetting autocommit to true on JDBC Connection [com.mysql.cj.jdbc.ConnectionImpl@3382f8ae]
[DEBUG][20-10-01][org.apache.ibatis.transaction.jdbc.JdbcTransaction]Closing JDBC Connection [com.mysql.cj.jdbc.ConnectionImpl@3382f8ae]
[DEBUG][20-10-01][org.apache.ibatis.datasource.pooled.PooledDataSource]Returned connection 864221358 to pool.
[DEBUG][20-10-01][org.apache.ibatis.logging.LogFactory]Logging initialized using 'class org.apache.ibatis.logging.log4j.Log4jImpl' adapter.
[DEBUG][20-10-01][org.apache.ibatis.logging.LogFactory]Logging initialized using 'class org.apache.ibatis.logging.log4j.Log4jImpl' adapter.
[DEBUG][20-10-01][org.apache.ibatis.datasource.pooled.PooledDataSource]PooledDataSource forcefully closed/removed all connections.
[DEBUG][20-10-01][org.apache.ibatis.datasource.pooled.PooledDataSource]PooledDataSource forcefully closed/removed all connections.
[DEBUG][20-10-01][org.apache.ibatis.datasource.pooled.PooledDataSource]PooledDataSource forcefully closed/removed all connections.
[DEBUG][20-10-01][org.apache.ibatis.datasource.pooled.PooledDataSource]PooledDataSource forcefully closed/removed all connections.
[DEBUG][20-10-01][org.apache.ibatis.transaction.jdbc.JdbcTransaction]Opening JDBC Connection
[DEBUG][20-10-01][org.apache.ibatis.datasource.pooled.PooledDataSource]Created connection 482307698.
[DEBUG][20-10-01][org.apache.ibatis.transaction.jdbc.JdbcTransaction]Setting autocommit to false on JDBC Connection [com.mysql.cj.jdbc.ConnectionImpl@1cbf6e72]
[DEBUG][20-10-01][com.liwenli.dao.UserMapper.getUserList]==>  Preparing: select * from user
[DEBUG][20-10-01][com.liwenli.dao.UserMapper.getUserList]==> Parameters: 
[DEBUG][20-10-01][com.liwenli.dao.UserMapper.getUserList]<==      Total: 3
[DEBUG][20-10-01][org.apache.ibatis.transaction.jdbc.JdbcTransaction]Resetting autocommit to true on JDBC Connection [com.mysql.cj.jdbc.ConnectionImpl@1cbf6e72]
[DEBUG][20-10-01][org.apache.ibatis.transaction.jdbc.JdbcTransaction]Closing JDBC Connection [com.mysql.cj.jdbc.ConnectionImpl@1cbf6e72]
[DEBUG][20-10-01][org.apache.ibatis.datasource.pooled.PooledDataSource]Returned connection 482307698 to pool.
[DEBUG][20-10-01][org.apache.ibatis.logging.LogFactory]Logging initialized using 'class org.apache.ibatis.logging.log4j.Log4jImpl' adapter.
[DEBUG][20-10-01][org.apache.ibatis.logging.LogFactory]Logging initialized using 'class org.apache.ibatis.logging.log4j.Log4jImpl' adapter.
[DEBUG][20-10-01][org.apache.ibatis.datasource.pooled.PooledDataSource]PooledDataSource forcefully closed/removed all connections.
[DEBUG][20-10-01][org.apache.ibatis.datasource.pooled.PooledDataSource]PooledDataSource forcefully closed/removed all connections.
[DEBUG][20-10-01][org.apache.ibatis.datasource.pooled.PooledDataSource]PooledDataSource forcefully closed/removed all connections.
[DEBUG][20-10-01][org.apache.ibatis.datasource.pooled.PooledDataSource]PooledDataSource forcefully closed/removed all connections.
[DEBUG][20-10-01][org.apache.ibatis.transaction.jdbc.JdbcTransaction]Opening JDBC Connection
[DEBUG][20-10-01][org.apache.ibatis.datasource.pooled.PooledDataSource]Created connection 482307698.
[DEBUG][20-10-01][org.apache.ibatis.transaction.jdbc.JdbcTransaction]Setting autocommit to false on JDBC Connection [com.mysql.cj.jdbc.ConnectionImpl@1cbf6e72]
[DEBUG][20-10-01][com.liwenli.dao.UserMapper.getUserList]==>  Preparing: select * from user
[DEBUG][20-10-01][com.liwenli.dao.UserMapper.getUserList]==> Parameters: 
[DEBUG][20-10-01][com.liwenli.dao.UserMapper.getUserList]<==      Total: 3
[DEBUG][20-10-01][org.apache.ibatis.transaction.jdbc.JdbcTransaction]Resetting autocommit to true on JDBC Connection [com.mysql.cj.jdbc.ConnectionImpl@1cbf6e72]
[DEBUG][20-10-01][org.apache.ibatis.transaction.jdbc.JdbcTransaction]Closing JDBC Connection [com.mysql.cj.jdbc.ConnectionImpl@1cbf6e72]
[DEBUG][20-10-01][org.apache.ibatis.datasource.pooled.PooledDataSource]Returned connection 482307698 to pool.
[DEBUG][20-10-02][org.apache.ibatis.logging.LogFactory]Logging initialized using 'class org.apache.ibatis.logging.log4j.Log4jImpl' adapter.
[DEBUG][20-10-02][org.apache.ibatis.logging.LogFactory]Logging initialized using 'class org.apache.ibatis.logging.log4j.Log4jImpl' adapter.
[DEBUG][20-10-02][org.apache.ibatis.datasource.pooled.PooledDataSource]PooledDataSource forcefully closed/removed all connections.
[DEBUG][20-10-02][org.apache.ibatis.datasource.pooled.PooledDataSource]PooledDataSource forcefully closed/removed all connections.
[DEBUG][20-10-02][org.apache.ibatis.datasource.pooled.PooledDataSource]PooledDataSource forcefully closed/removed all connections.
[DEBUG][20-10-02][org.apache.ibatis.datasource.pooled.PooledDataSource]PooledDataSource forcefully closed/removed all connections.
[DEBUG][20-10-02][org.apache.ibatis.transaction.jdbc.JdbcTransaction]Opening JDBC Connection
[DEBUG][20-10-02][org.apache.ibatis.datasource.pooled.PooledDataSource]Created connection 482307698.
[DEBUG][20-10-02][org.apache.ibatis.transaction.jdbc.JdbcTransaction]Setting autocommit to false on JDBC Connection [com.mysql.cj.jdbc.ConnectionImpl@1cbf6e72]
[DEBUG][20-10-02][com.liwenli.dao.UserMapper.getUserList]==>  Preparing: select * from user
[DEBUG][20-10-02][com.liwenli.dao.UserMapper.getUserList]==> Parameters: 
[DEBUG][20-10-02][com.liwenli.dao.UserMapper.getUserList]<==      Total: 3
[DEBUG][20-10-02][org.apache.ibatis.transaction.jdbc.JdbcTransaction]Resetting autocommit to true on JDBC Connection [com.mysql.cj.jdbc.ConnectionImpl@1cbf6e72]
[DEBUG][20-10-02][org.apache.ibatis.transaction.jdbc.JdbcTransaction]Closing JDBC Connection [com.mysql.cj.jdbc.ConnectionImpl@1cbf6e72]
[DEBUG][20-10-02][org.apache.ibatis.datasource.pooled.PooledDataSource]Returned connection 482307698 to pool.
[DEBUG][20-10-06][org.apache.ibatis.logging.LogFactory]Logging initialized using 'class org.apache.ibatis.logging.log4j.Log4jImpl' adapter.
[DEBUG][20-10-06][org.apache.ibatis.logging.LogFactory]Logging initialized using 'class org.apache.ibatis.logging.log4j.Log4jImpl' adapter.
[DEBUG][20-10-06][org.apache.ibatis.datasource.pooled.PooledDataSource]PooledDataSource forcefully closed/removed all connections.
[DEBUG][20-10-06][org.apache.ibatis.datasource.pooled.PooledDataSource]PooledDataSource forcefully closed/removed all connections.
[DEBUG][20-10-06][org.apache.ibatis.datasource.pooled.PooledDataSource]PooledDataSource forcefully closed/removed all connections.
[DEBUG][20-10-06][org.apache.ibatis.datasource.pooled.PooledDataSource]PooledDataSource forcefully closed/removed all connections.
[DEBUG][20-10-06][org.apache.ibatis.transaction.jdbc.JdbcTransaction]Opening JDBC Connection
[DEBUG][20-10-06][org.apache.ibatis.datasource.pooled.PooledDataSource]Created connection 839771540.
[DEBUG][20-10-06][org.apache.ibatis.transaction.jdbc.JdbcTransaction]Setting autocommit to false on JDBC Connection [com.mysql.cj.jdbc.ConnectionImpl@320de594]
[DEBUG][20-10-06][com.liwenli.dao.UserMapper.getUserList]==>  Preparing: select * from user
[DEBUG][20-10-06][com.liwenli.dao.UserMapper.getUserList]==> Parameters: 
[DEBUG][20-10-06][com.liwenli.dao.UserMapper.getUserList]<==      Total: 8
[DEBUG][20-10-06][org.apache.ibatis.transaction.jdbc.JdbcTransaction]Resetting autocommit to true on JDBC Connection [com.mysql.cj.jdbc.ConnectionImpl@320de594]
[DEBUG][20-10-06][org.apache.ibatis.transaction.jdbc.JdbcTransaction]Closing JDBC Connection [com.mysql.cj.jdbc.ConnectionImpl@320de594]
[DEBUG][20-10-06][org.apache.ibatis.datasource.pooled.PooledDataSource]Returned connection 839771540 to pool.
